

Microchip Technology PIC18 LITE Macro Assembler V1.41 build -162212810 
                                                                                               Thu Mar 23 11:25:59 2017

Microchip Technology Omniscient Code Generator v1.41 (Free mode) build 201701250102
     1                           	processor	18F2550
     2                           	fnconf	rparam,??,?,0
     3                           	opt	pw 120
     4                           	opt	lm
     5                           	psect	cinit,global,reloc=2,class=CODE,delta=1
     6                           	psect	cstackCOMRAM,global,class=COMRAM,space=1,delta=1,noexec
     7                           	psect	text0,global,reloc=2,class=CODE,delta=1
     8                           	psect	intsave_regs,global,class=BIGRAM,space=1,delta=1,noexec
     9                           	psect	rparam,global,class=COMRAM,space=1,delta=1,noexec
    10  0000                     
    11                           ; Version 1.41
    12                           ; Generated 25/01/2017 GMT
    13                           ; 
    14                           ; Copyright © 2017, Microchip Technology Inc. and its subsidiaries ("Microchip")
    15                           ; All rights reserved.
    16                           ; 
    17                           ; This software is developed by Microchip Technology Inc. and its subsidiaries ("Microch
      +                          ip").
    18                           ; 
    19                           ; Redistribution and use in source and binary forms, with or without modification, are
    20                           ; permitted provided that the following conditions are met:
    21                           ; 
    22                           ;     1. Redistributions of source code must retain the above copyright notice, this lis
      +                          t of
    23                           ;        conditions and the following disclaimer.
    24                           ; 
    25                           ;     2. Redistributions in binary form must reproduce the above copyright notice, this 
      +                          list
    26                           ;        of conditions and the following disclaimer in the documentation and/or other
    27                           ;        materials provided with the distribution.
    28                           ; 
    29                           ;     3. Microchip's name may not be used to endorse or promote products derived from th
      +                          is
    30                           ;        software without specific prior written permission.
    31                           ; 
    32                           ; THIS SOFTWARE IS PROVIDED BY MICROCHIP "AS IS" AND ANY EXPRESS OR IMPLIED WARRANTIES,
    33                           ; INCLUDING, BUT NOT LIMITED TO, THE IMPLIED WARRANTIES OF MERCHANTABILITY AND FITNESS F
      +                          OR
    34                           ; PURPOSE ARE DISCLAIMED.  IN NO EVENT SHALL MICROCHIP BE LIABLE FOR ANY DIRECT, INDIREC
      +                          T,
    35                           ; INCIDENTAL, SPECIAL, EXEMPLARY, OR CONSEQUENTIAL DAMAGES (INCLUDING BUT NOT LIMITED TO
    36                           ; PROCUREMENT OF SUBSTITUTE GOODS OR SERVICES; LOSS OF USE, DATA OR PROFITS; OR BUSINESS
    37                           ; INTERRUPTION) HOWSOEVER CAUSED AND ON ANY THEORY OF LIABILITY, WHETHER IN CONTRACT, ST
      +                          RICT
    38                           ; LIABILITY, OR TORT (INCLUDING NEGLIGENCE OR OTHERWISE) ARISING IN ANY WAY OUT OF THE U
      +                          SE OF
    39                           ; THIS SOFTWARE, EVEN IF ADVISED OF THE POSSIBILITY OF SUCH DAMAGE.
    40                           ; 
    41                           ; 
    42                           ; Code-generator required, PIC18F2550 Definitions
    43                           ; 
    44                           ; SFR Addresses
    45  0000                     _RC0	set	31760
    46  0000                     _TRISC0	set	31904
    47                           
    48                           ; #config settings
    49  0000                     
    50                           	psect	cinit
    51  007FBE                     __pcinit:
    52                           	opt stack 0
    53  007FBE                     start_initialization:
    54                           	opt stack 0
    55  007FBE                     __initialization:
    56                           	opt stack 0
    57  007FBE                     end_of_initialization:
    58                           	opt stack 0
    59  007FBE                     __end_of__initialization:
    60                           	opt stack 0
    61  007FBE  0100               	movlb	0
    62  007FC0  EFE2  F03F         	goto	_main	;jump to C main() function
    63                           
    64                           	psect	cstackCOMRAM
    65  000001                     __pcstackCOMRAM:
    66                           	opt stack 0
    67  000001                     ??_main:
    68  000001                     
    69                           ; 2 bytes @ 0x0
    70  000001                     	ds	2
    71  000003                     main@pulseCounter:
    72                           	opt stack 0
    73                           
    74                           ; 2 bytes @ 0x2
    75  000003                     	ds	2
    76                           
    77 ;;
    78 ;;Main: autosize = 0, tempsize = 2, incstack = 0, save=0
    79 ;;
    80 ;; *************** function _main *****************
    81 ;; Defined at:
    82 ;;		line 83 in file "infraRedProject.c"
    83 ;; Parameters:    Size  Location     Type
    84 ;;		None
    85 ;; Auto vars:     Size  Location     Type
    86 ;;  freqString     20    0        unsigned char [20]
    87 ;;  pulseCounter    2    2[COMRAM] unsigned int 
    88 ;; Return value:  Size  Location     Type
    89 ;;                  2    8[None  ] int 
    90 ;; Registers used:
    91 ;;		wreg, status,2
    92 ;; Tracked objects:
    93 ;;		On entry : 0/0
    94 ;;		On exit  : 0/0
    95 ;;		Unchanged: 0/0
    96 ;; Data sizes:     COMRAM   BANK0   BANK1   BANK2   BANK3   BANK4   BANK5   BANK6   BANK7
    97 ;;      Params:         0       0       0       0       0       0       0       0       0
    98 ;;      Locals:         2       0       0       0       0       0       0       0       0
    99 ;;      Temps:          2       0       0       0       0       0       0       0       0
   100 ;;      Totals:         4       0       0       0       0       0       0       0       0
   101 ;;Total ram usage:        4 bytes
   102 ;; This function calls:
   103 ;;		Nothing
   104 ;; This function is called by:
   105 ;;		Startup code after reset
   106 ;; This function uses a non-reentrant model
   107 ;;
   108                           
   109                           	psect	text0
   110  007FC4                     __ptext0:
   111                           	opt stack 0
   112  007FC4                     _main:
   113                           	opt stack 31
   114                           
   115                           ;infraRedProject.c: 85: TRISC0 = 0;
   116                           
   117                           ;incstack = 0
   118  007FC4  9094               	bcf	3988,0,c	;volatile
   119                           
   120                           ;infraRedProject.c: 86: unsigned char freqString[20];
   121                           ;infraRedProject.c: 87: unsigned int pulseCounter = 10;
   122  007FC6  0E00               	movlw	0
   123  007FC8  6E04               	movwf	main@pulseCounter+1,c
   124  007FCA  0E0A               	movlw	10
   125  007FCC  6E03               	movwf	main@pulseCounter,c
   126  007FCE                     l614:
   127                           
   128                           ;infraRedProject.c: 90: {
   129                           ;infraRedProject.c: 91: RC0 = 1;
   130  007FCE  8082               	bsf	3970,0,c	;volatile
   131                           
   132                           ;infraRedProject.c: 92: _delay((unsigned long)((1000)*(12000000/4000.0)));
   133  007FD0  0E10               	movlw	16
   134  007FD2  6E02               	movwf	(??_main+1)& (0+255),c
   135  007FD4  0E39               	movlw	57
   136  007FD6  6E01               	movwf	??_main& (0+255),c
   137  007FD8  0E0E               	movlw	14
   138  007FDA                     u17:
   139  007FDA  2EE8               	decfsz	wreg,f,c
   140  007FDC  D7FE               	bra	u17
   141  007FDE  2E01               	decfsz	??_main& (0+255),f,c
   142  007FE0  D7FC               	bra	u17
   143  007FE2  2E02               	decfsz	(??_main+1)& (0+255),f,c
   144  007FE4  D7FA               	bra	u17
   145                           
   146                           ;infraRedProject.c: 93: RC0 = 0;
   147  007FE6  9082               	bcf	3970,0,c	;volatile
   148                           
   149                           ;infraRedProject.c: 94: _delay((unsigned long)((1000)*(12000000/4000.0)));
   150  007FE8  0E10               	movlw	16
   151  007FEA  6E02               	movwf	(??_main+1)& (0+255),c
   152  007FEC  0E39               	movlw	57
   153  007FEE  6E01               	movwf	??_main& (0+255),c
   154  007FF0  0E0E               	movlw	14
   155  007FF2                     u27:
   156  007FF2  2EE8               	decfsz	wreg,f,c
   157  007FF4  D7FE               	bra	u27
   158  007FF6  2E01               	decfsz	??_main& (0+255),f,c
   159  007FF8  D7FC               	bra	u27
   160  007FFA  2E02               	decfsz	(??_main+1)& (0+255),f,c
   161  007FFC  D7FA               	bra	u27
   162  007FFE  D7E7               	goto	l614
   163  008000                     __end_of_main:
   164                           	opt stack 0
   165  0000                     wreg	equ	0xFE8
   166                           wreg	equ	0xFE8
   167                           
   168                           	psect	rparam
   169  0000                     wreg	equ	0xFE8


Data Sizes:
    Strings     0
    Constant    0
    Data        0
    BSS         0
    Persistent  0
    Stack       0

Auto Spaces:
    Space          Size  Autos    Used
    COMRAM           95      4       4
    BANK0           160      0       0
    BANK1           256      0       0
    BANK2           256      0       0
    BANK3           256      0       0
    BANK4           256      0       0
    BANK5           256      0       0
    BANK6           256      0       0
    BANK7           256      0       0

Pointer List with Targets:

    None.

Critical Paths under _main in COMRAM

    None.

Critical Paths under _main in BANK0

    None.

Critical Paths under _main in BANK1

    None.

Critical Paths under _main in BANK2

    None.

Critical Paths under _main in BANK3

    None.

Critical Paths under _main in BANK4

    None.

Critical Paths under _main in BANK5

    None.

Critical Paths under _main in BANK6

    None.

Critical Paths under _main in BANK7

    None.

Call Graph Tables:

 ---------------------------------------------------------------------------------
 (Depth) Function   	        Calls       Base Space   Used Autos Params    Refs
 ---------------------------------------------------------------------------------
 (0) _main                                                24    24      0       0
                                              0 COMRAM     4     4      0
 ---------------------------------------------------------------------------------
 Estimated maximum stack depth 0
 ---------------------------------------------------------------------------------

 Call Graph Graphs:

 _main (ROOT)

 Address spaces:
Name               Size   Autos  Total    Cost      Usage
BITCOMRAM           5F      0       0       0        0.0%
EEDATA             100      0       0       0        0.0%
NULL                 0      0       0       0        0.0%
CODE                 0      0       0       0        0.0%
COMRAM              5F      4       4       1        4.2%
STACK                0      0       0       2        0.0%
DATA                 0      0       0       3        0.0%
BITBANK0            A0      0       0       4        0.0%
BANK0               A0      0       0       5        0.0%
BITBANK1           100      0       0       6        0.0%
BANK1              100      0       0       7        0.0%
BITBANK2           100      0       0       8        0.0%
BANK2              100      0       0       9        0.0%
BITBANK3           100      0       0      10        0.0%
BANK3              100      0       0      11        0.0%
BITBANK4           100      0       0      12        0.0%
BANK4              100      0       0      13        0.0%
BITBANK5           100      0       0      14        0.0%
BANK5              100      0       0      15        0.0%
BITBANK6           100      0       0      16        0.0%
BANK6              100      0       0      17        0.0%
BITBANK7           100      0       0      18        0.0%
BANK7              100      0       0      19        0.0%
ABS                  0      0       0      20        0.0%
BIGRAM             7FF      0       0      21        0.0%
BITSFR               0      0       0     200        0.0%
SFR                  0      0       0     200        0.0%


Microchip Technology PIC18 Macro Assembler V1.41 build -162212810 
Symbol Table                                                                                   Thu Mar 23 11:25:59 2017

                     u17 7FDA                       u27 7FF2              __CFG_BOR$ON 000000  
            __CFG_BORV$3 000000             __CFG_CP0$OFF 000000             __CFG_CP1$OFF 000000  
           __CFG_CP2$OFF 000000             __CFG_CP3$OFF 000000              __CFG_LVP$ON 000000  
            __CFG_WDT$ON 000000                      l614 7FCE             __CFG_CPB$OFF 000000  
                    _RC0 007C10             __CFG_CPD$OFF 000000                      wreg 000FE8  
           __CFG_FOSC$HS 000000                     _main 7FC4                     start 1000  
          __CFG_IESO$OFF 000000            __CFG_MCLRE$ON 000000             ___param_bank 000000  
          __CFG_PLLDIV$1 000000           __CFG_CCP2MX$ON 000000                    ?_main 0001  
          __CFG_USBDIV$1 000000            __CFG_PWRT$OFF 000000            __CFG_WRT0$OFF 000000  
          __CFG_WRT1$OFF 000000            __CFG_WRT2$OFF 000000            __CFG_WRT3$OFF 000000  
         __CFG_EBTR0$OFF 000000           __CFG_FCMEN$OFF 000000           __CFG_EBTR1$OFF 000000  
         __CFG_EBTR2$OFF 000000           __CFG_EBTR3$OFF 000000            __CFG_WRTB$OFF 000000  
          __CFG_WRTC$OFF 000000            __CFG_WRTD$OFF 000000           __CFG_EBTRB$OFF 000000  
         __CFG_PBADEN$ON 000000          __initialization 7FBE             __end_of_main 8000  
                 ??_main 0001            __activetblptr 000000                   _TRISC0 007CA0  
         __CFG_XINST$OFF 000000           __CFG_STVREN$ON 000000               __accesstop 0060  
__end_of__initialization 7FBE            ___rparam_used 000001           __pcstackCOMRAM 0001  
        __CFG_VREGEN$OFF 000000                  __Hparam 0000                  __Lparam 0000  
                __pcinit 7FBE                  __ramtop 0800                  __ptext0 7FC4  
   end_of_initialization 7FBE      start_initialization 7FBE         __CFG_LPT1OSC$OFF 000000  
       __CFG_WDTPS$32768 000000                 __Hrparam 0000                 __Lrparam 0000  
          __size_of_main 003C         main@pulseCounter 0003    __CFG_CPUDIV$OSC1_PLL2 000000  
